2010-12-21 23:33:39 [INFO] Starting minecraft server version 0.2.8
2010-12-21 23:33:39 [INFO] Loading properties
2010-12-21 23:33:39 [WARNING] server.properties does not exist
2010-12-21 23:33:39 [INFO] Generating new properties file
2010-12-21 23:33:39 [INFO] Starting Minecraft server on *:25565
2010-12-21 23:33:39 [WARNING] Failed to load ban list: java.io.FileNotFoundException: banned-players.txt (The system cannot find the file specified)
2010-12-21 23:33:39 [WARNING] Failed to load ip ban list: java.io.FileNotFoundException: banned-ips.txt (The system cannot find the file specified)
2010-12-21 23:33:39 [WARNING] Failed to load ip ban list: java.io.FileNotFoundException: ops.txt (The system cannot find the file specified)
2010-12-21 23:33:39 [INFO] Preparing level "world"
2010-12-21 23:33:39 [INFO] Preparing start region
2010-12-21 23:33:44 [INFO] Done! For help, type "help" or "?"
2010-12-21 23:33:48 [INFO] Unknown console command. Type "help" for help.
2010-12-21 23:33:50 [INFO] CONSOLE: Stopping the server..
2010-12-21 23:33:50 [INFO] Stopping server
2010-12-21 23:33:50 [INFO] Saving chunks
2010-12-21 23:34:21 [INFO] Starting minecraft server version 0.2.8
2010-12-21 23:34:21 [INFO] Loading properties
2010-12-21 23:34:21 [INFO] Starting Minecraft server on *:25565
2010-12-21 23:34:22 [INFO] Note: your current classpath is: Minecraft_Mod.jar
2010-12-21 23:34:22 [INFO] Hey0 Server Mod Build 131
2010-12-21 23:34:22 [INFO] Preparing level "world"
2010-12-21 23:34:22 [INFO] Preparing start region
2010-12-21 23:34:22 [INFO] Done! For help, type "help" or "?"
2010-12-21 23:34:35 [INFO] CONSOLE: Stopping the server..
2010-12-21 23:34:35 [INFO] Stopping server
2010-12-21 23:34:35 [INFO] Saving chunks
2010-12-21 23:35:20 [INFO] Starting minecraft server version 0.2.8
2010-12-21 23:35:20 [INFO] Loading properties
2010-12-21 23:35:20 [INFO] Starting Minecraft server on *:25565
2010-12-21 23:35:20 [INFO] Note: your current classpath is: minecraft_server.jar
2010-12-21 23:35:20 [INFO] Hey0 Server Mod Build 131
2010-12-21 23:35:20 [INFO] Preparing level "world"
2010-12-21 23:35:20 [INFO] Preparing start region
2010-12-21 23:35:21 [INFO] Done! For help, type "help" or "?"
2010-12-21 23:35:30 [INFO] CONSOLE: Stopping the server..
2010-12-21 23:35:30 [INFO] Stopping server
2010-12-21 23:35:30 [INFO] Saving chunks
2010-12-21 23:35:44 [INFO] Starting minecraft server version 0.2.8
2010-12-21 23:35:44 [INFO] Loading properties
2010-12-21 23:35:44 [INFO] Starting Minecraft server on *:25565
2010-12-21 23:35:44 [INFO] Note: your current classpath is: minecraft_server.jar
2010-12-21 23:35:44 [INFO] Hey0 Server Mod Build 131
2010-12-21 23:35:44 [INFO] Preparing level "world"
2010-12-21 23:35:44 [INFO] Preparing start region
2010-12-21 23:35:44 [INFO] Done! For help, type "help" or "?"
2010-12-21 23:35:47 [INFO] CONSOLE: Stopping the server..
2010-12-21 23:35:47 [INFO] Stopping server
2010-12-21 23:35:47 [INFO] Saving chunks
2010-12-21 23:36:07 [INFO] Starting minecraft server version 0.2.8
2010-12-21 23:36:07 [INFO] Loading properties
2010-12-21 23:36:07 [INFO] Starting Minecraft server on *:25565
2010-12-21 23:36:07 [INFO] Note: your current classpath is: minecraft_server.jar
2010-12-21 23:36:07 [INFO] Hey0 Server Mod Build 131
2010-12-21 23:36:07 [INFO] Preparing level "world"
2010-12-21 23:36:07 [INFO] Preparing start region
2010-12-21 23:36:08 [INFO] Done! For help, type "help" or "?"
2010-12-21 23:36:13 [INFO] CONSOLE: Stopping the server..
2010-12-21 23:36:13 [INFO] Stopping server
2010-12-21 23:36:13 [INFO] Saving chunks
2010-12-21 23:37:25 [INFO] Starting minecraft server version 0.2.8
2010-12-21 23:37:25 [INFO] Loading properties
2010-12-21 23:37:25 [INFO] Starting Minecraft server on 127.0.0.1:25566
2010-12-21 23:37:25 [INFO] Note: your current classpath is: minecraft_server.jar
2010-12-21 23:37:25 [INFO] Hey0 Server Mod Build 131
2010-12-21 23:37:25 [INFO] Preparing level "world"
2010-12-21 23:37:25 [INFO] Preparing start region
2010-12-21 23:37:28 [INFO] Done! For help, type "help" or "?"
2010-12-21 23:42:12 [INFO] Starting minecraft server version 0.2.8
2010-12-21 23:42:12 [INFO] Loading properties
2010-12-21 23:42:12 [INFO] Starting Minecraft server on 127.0.0.1:25566
2010-12-21 23:42:12 [SEVERE] Unexpected exception
java.lang.RuntimeException: java.net.BindException: Address already in use: JVM_Bind
	at ds.<init>(ds.java:32)
	at net.minecraft.server.MinecraftServer.d(SourceFile:114)
	at net.minecraft.server.MinecraftServer.run(SourceFile:191)
	at bx.run(SourceFile:484)
Caused by: java.net.BindException: Address already in use: JVM_Bind
	at java.net.PlainSocketImpl.socketBind(Native Method)
	at java.net.PlainSocketImpl.bind(Unknown Source)
	at java.net.ServerSocket.bind(Unknown Source)
	at java.net.ServerSocket.<init>(Unknown Source)
	at ds.<init>(ds.java:29)
	... 3 more
